<?xml version="1.0" encoding="UTF-8"?>
<testsuite name="edu.odu.cs.cs350.TestDocument" tests="1" skipped="0" failures="0" errors="0" timestamp="2024-03-18T22:52:21" hostname="ganymede" time="0.602">
  <properties/>
  <testcase name="testConstructors()" classname="edu.odu.cs.cs350.TestDocument" time="0.602"/>
  <system-out><![CDATA[]]></system-out>
  <system-err><![CDATA[]]></system-err>
</testsuite>
