<?xml version="1.0" encoding="UTF-8"?>
<testsuite name="edu.odu.cs.cs350.TestSampleFile" tests="1" skipped="0" failures="0" errors="0" timestamp="2024-03-15T22:06:44" hostname="callisto" time="0.107">
  <properties/>
  <testcase name="testStringComparison()" classname="edu.odu.cs.cs350.TestSampleFile" time="0.107"/>
  <system-out><![CDATA[]]></system-out>
  <system-err><![CDATA[]]></system-err>
</testsuite>
