<?xml version="1.0" encoding="UTF-8"?>
<testsuite name="edu.odu.cs.cs350.TestToken" tests="1" skipped="0" failures="0" errors="0" timestamp="2024-03-16T20:46:10" hostname="callisto" time="0.101">
  <properties/>
  <testcase name="testConstructor()" classname="edu.odu.cs.cs350.TestToken" time="0.101"/>
  <system-out><![CDATA[]]></system-out>
  <system-err><![CDATA[]]></system-err>
</testsuite>
