<?xml version="1.0" encoding="UTF-8"?>
<testsuite name="edu.odu.cs.cs350.TestSampleFile" tests="1" skipped="0" failures="0" errors="0" timestamp="2024-03-18T22:52:22" hostname="ganymede" time="0.097">
  <properties/>
  <testcase name="testStringComparison()" classname="edu.odu.cs.cs350.TestSampleFile" time="0.097"/>
  <system-out><![CDATA[]]></system-out>
  <system-err><![CDATA[]]></system-err>
</testsuite>
